2016-05-24 16:38:08,159	[INFO]	Input arguments: Namespace(datadir='/Users/jaredlorince/git/MusicForaging/testData/scrobbles/', dist_thresh=0.2, distance_metric='cosine', feature_path='/Users/jaredlorince/git/MusicForaging/GenreModeling/data/features/lda_artists/features_190.npy', min_patch_length=5, n=4, pickledir='/Users/jaredlorince/git/MusicForaging/testData/scrobbles_test/', preprocess=True, rawtext=True, resultdir='/home/jlorince/results/', session_thresh=1800, suppdir='/Users/jaredlorince/git/MusicForaging/GenreModeling/data/', verbose=False)
2016-05-24 16:38:08,159	[INFO]	Pool started
2016-05-24 16:38:08,159	[INFO]	Starting preprocessing
2016-05-24 16:38:08,593	[DEBUG]	['/Users/jaredlorince/git/MusicForaging/testData/scrobbles/10000074.txt', '/Users/jaredlorince/git/MusicForaging/testData/scrobbles/1000023.txt', '/Users/jaredlorince/git/MusicForaging/testData/scrobbles/10000238.txt', '/Users/jaredlorince/git/MusicForaging/testData/scrobbles/10000403.txt', '/Users/jaredlorince/git/MusicForaging/testData/scrobbles/10000453.txt', '/Users/jaredlorince/git/MusicForaging/testData/scrobbles/10000643.txt', '/Users/jaredlorince/git/MusicForaging/testData/scrobbles/10000874.txt', '/Users/jaredlorince/git/MusicForaging/testData/scrobbles/10000933.txt', '/Users/jaredlorince/git/MusicForaging/testData/scrobbles/10000942.txt']
2016-05-24 16:38:10,226	[DEBUG]	processor called (user 10000074)
2016-05-24 16:38:10,296	[DEBUG]	DF loaded(user 10000074)
2016-05-24 16:38:11,511	[DEBUG]	processor called (user 1000023)
2016-05-24 16:38:11,629	[DEBUG]	DF loaded(user 1000023)
2016-05-24 16:38:13,141	[DEBUG]	processor called (user 10000238)
2016-05-24 16:38:13,183	[DEBUG]	DF loaded(user 10000238)
2016-05-24 16:38:14,867	[DEBUG]	features and dists done (user 10000074)
2016-05-24 16:38:14,879	[DEBUG]	session indices done (user 10000074)
2016-05-24 16:38:15,046	[DEBUG]	features and dists done (user 10000238)
2016-05-24 16:38:15,050	[DEBUG]	session indices done (user 10000238)
2016-05-24 16:38:15,202	[DEBUG]	processor called (user 10000403)
2016-05-24 16:38:15,230	[DEBUG]	DF loaded(user 10000403)
2016-05-24 16:38:16,175	[DEBUG]	features and dists done (user 10000403)
2016-05-24 16:38:16,178	[DEBUG]	session indices done (user 10000403)
2016-05-24 16:38:16,987	[DEBUG]	patch indices done (user 10000238)
2016-05-24 16:38:16,989	[DEBUG]	artist blocks done (user 10000238)
2016-05-24 16:38:17,181	[INFO]	User 10000238 processed successfully (/Users/jaredlorince/git/MusicForaging/testData/scrobbles/10000238.txt)
2016-05-24 16:38:18,218	[DEBUG]	patch indices done (user 10000403)
2016-05-24 16:38:18,220	[DEBUG]	artist blocks done (user 10000403)
2016-05-24 16:38:18,318	[INFO]	User 10000403 processed successfully (/Users/jaredlorince/git/MusicForaging/testData/scrobbles/10000403.txt)
2016-05-24 16:38:18,748	[DEBUG]	processor called (user 10000453)
2016-05-24 16:38:18,773	[DEBUG]	DF loaded(user 10000453)
2016-05-24 16:38:19,963	[DEBUG]	features and dists done (user 10000453)
2016-05-24 16:38:19,966	[DEBUG]	session indices done (user 10000453)
2016-05-24 16:38:20,409	[DEBUG]	patch indices done (user 10000074)
2016-05-24 16:38:20,421	[DEBUG]	artist blocks done (user 10000074)
2016-05-24 16:38:20,889	[DEBUG]	processor called (user 10000643)
2016-05-24 16:38:21,139	[INFO]	User 10000074 processed successfully (/Users/jaredlorince/git/MusicForaging/testData/scrobbles/10000074.txt)
2016-05-24 16:38:21,141	[INFO]	User 10000643 SKIPPED (40392.0 non null, 8.0% null) (/Users/jaredlorince/git/MusicForaging/testData/scrobbles/10000643.txt)
2016-05-24 16:38:21,687	[DEBUG]	features and dists done (user 1000023)
2016-05-24 16:38:21,697	[DEBUG]	session indices done (user 1000023)
2016-05-24 16:38:22,325	[DEBUG]	patch indices done (user 10000453)
2016-05-24 16:38:22,327	[DEBUG]	artist blocks done (user 10000453)
2016-05-24 16:38:22,460	[INFO]	User 10000453 processed successfully (/Users/jaredlorince/git/MusicForaging/testData/scrobbles/10000453.txt)
2016-05-24 16:38:23,157	[DEBUG]	processor called (user 10000874)
2016-05-24 16:38:23,176	[INFO]	User 10000874 SKIPPED (4573.0 non null, 16.5% null) (/Users/jaredlorince/git/MusicForaging/testData/scrobbles/10000874.txt)
2016-05-24 16:38:24,653	[DEBUG]	processor called (user 10000933)
2016-05-24 16:38:24,853	[DEBUG]	DF loaded(user 10000933)
2016-05-24 16:38:26,185	[DEBUG]	processor called (user 10000942)
2016-05-24 16:38:26,261	[DEBUG]	DF loaded(user 10000942)
2016-05-24 16:38:31,813	[DEBUG]	features and dists done (user 10000942)
2016-05-24 16:38:31,821	[DEBUG]	session indices done (user 10000942)
2016-05-24 16:38:34,588	[DEBUG]	patch indices done (user 1000023)
2016-05-24 16:38:34,591	[DEBUG]	artist blocks done (user 1000023)
2016-05-24 16:38:35,217	[INFO]	User 1000023 processed successfully (/Users/jaredlorince/git/MusicForaging/testData/scrobbles/1000023.txt)
2016-05-24 16:38:38,451	[DEBUG]	features and dists done (user 10000933)
2016-05-24 16:38:38,469	[DEBUG]	session indices done (user 10000933)
2016-05-24 16:38:40,568	[DEBUG]	patch indices done (user 10000942)
2016-05-24 16:38:40,570	[DEBUG]	artist blocks done (user 10000942)
2016-05-24 16:38:40,953	[INFO]	User 10000942 processed successfully (/Users/jaredlorince/git/MusicForaging/testData/scrobbles/10000942.txt)
2016-05-24 16:38:46,035	[DEBUG]	patch indices done (user 10000933)
2016-05-24 16:38:46,038	[DEBUG]	artist blocks done (user 10000933)
2016-05-24 16:38:46,919	[INFO]	User 10000933 processed successfully (/Users/jaredlorince/git/MusicForaging/testData/scrobbles/10000933.txt)
